<?xml version="1.0" encoding="UTF-8"?>
<testsuite xmlns:xsi="http://www.w3.org/2001/XMLSchema-instance" xsi:noNamespaceSchemaLocation="https://maven.apache.org/surefire/maven-surefire-plugin/xsd/surefire-test-report.xsd" version="3.0.2" name="com.sureeporn.kiosk.MenuItemTest" time="0.354" tests="6" errors="0" skipped="0" failures="0">
  <properties>
[...]
</properties>
  <testcase name="createsWithFoodCategory" classname="com.sureeporn.kiosk.MenuItemTest" time="0.108"/>
  <testcase name="rejectsNegativePrice" classname="com.sureeporn.kiosk.MenuItemTest" time="0.003"/>
  <testcase name="parameterizedAcrossBeverageEnum(BeverageCategory)[1]" classname="com.sureeporn.kiosk.MenuItemTest" time="0.047"/>
  <testcase name="parameterizedAcrossBeverageEnum(BeverageCategory)[2]" classname="com.sureeporn.kiosk.MenuItemTest" time="0.002"/>
  <testcase name="parameterizedAcrossBeverageEnum(BeverageCategory)[3]" classname="com.sureeporn.kiosk.MenuItemTest" time="0.005"/>
  <testcase name="parameterizedAcrossBeverageEnum(BeverageCategory)[4]" classname="com.sureeporn.kiosk.MenuItemTest" time="0.004"/>
</testsuite>