<?xml version="1.0" encoding="UTF-8"?>
<testsuite xmlns:xsi="http://www.w3.org/2001/XMLSchema-instance" xsi:noNamespaceSchemaLocation="https://maven.apache.org/surefire/maven-surefire-plugin/xsd/surefire-test-report.xsd" version="3.0.2" name="com.sureeporn.kiosk.SqliteReceiptRepositoryTest" time="0.267" tests="1" errors="1" skipped="0" failures="0">
  <properties>
[...]
</properties>
  <testcase name="saves_receipt_and_returns_id" classname="com.sureeporn.kiosk.SqliteReceiptRepositoryTest" time="0.255">
    <error message="path to &apos;/Documents/SQL/Anna.db&apos;: &apos;/Documents&apos; does not exist" type="java.sql.SQLException"><![CDATA[java.sql.SQLException: path to '/Documents/SQL/Anna.db': '/Documents' does not exist
	at org.sqlite.SQLiteConnection.open(SQLiteConnection.java:261)
	at org.sqlite.SQLiteConnection.<init>(SQLiteConnection.java:67)
	at org.sqlite.jdbc3.JDBC3Connection.<init>(JDBC3Connection.java:28)
	at org.sqlite.jdbc4.JDBC4Connection.<init>(JDBC4Connection.java:19)
	at org.sqlite.JDBC.createConnection(JDBC.java:106)
	at org.sqlite.JDBC.connect(JDBC.java:79)
	at java.sql/java.sql.DriverManager.getConnection(DriverManager.java:613)
	at java.sql/java.sql.DriverManager.getConnection(DriverManager.java:222)
	at com.sureeporn.kiosk.repo.SqliteReceiptRepository.get(SqliteReceiptRepository.java:18)
	at com.sureeporn.kiosk.repo.SqliteReceiptRepository.save(SqliteReceiptRepository.java:35)
	at com.sureeporn.kiosk.model.ReceiptDbSaver.renderAndSave(ReceiptDbSaver.java:23)
	at com.sureeporn.kiosk.SqliteReceiptRepositoryTest.saves_receipt_and_returns_id(SqliteReceiptRepositoryTest.java:30)
	at java.base/java.lang.reflect.Method.invoke(Method.java:565)
	at java.base/java.util.ArrayList.forEach(ArrayList.java:1604)
	at java.base/java.util.ArrayList.forEach(ArrayList.java:1604)
]]></error>
    <system-err><![CDATA[SLF4J: Failed to load class "org.slf4j.impl.StaticLoggerBinder".
SLF4J: Defaulting to no-operation (NOP) logger implementation
SLF4J: See http://www.slf4j.org/codes.html#StaticLoggerBinder for further details.
]]></system-err>
  </testcase>
</testsuite>